<?xml version="1.0" encoding="UTF-8"?>
<testng-results ignored="0" total="4" passed="3" failed="1" skipped="0">
  <reporter-output>
  </reporter-output>
  <suite started-at="2022-09-10T14:16:41 EDT" name="Default suite" finished-at="2022-09-10T14:16:41 EDT" duration-ms="49">
    <groups>
      <group name="smoke">
        <method signature="TestNG.dropDownTestThree()[pri:0, instance:selenium.TestNG@564fabc8]" name="dropDownTestThree" class="selenium.TestNG"/>
        <method signature="TestNG.dropDownTesttwo()[pri:1, instance:selenium.TestNG@564fabc8]" name="dropDownTesttwo" class="selenium.TestNG"/>
      </group> <!-- smoke -->
    </groups>
    <test started-at="2022-09-10T14:16:41 EDT" name="Default test" finished-at="2022-09-10T14:16:41 EDT" duration-ms="49">
      <class name="selenium.TestNG">
        <test-method is-config="true" signature="setup_Before_Suite()[pri:0, instance:selenium.TestNG@564fabc8]" started-at="2022-09-10T14:16:41 EDT" name="setup_Before_Suite" finished-at="2022-09-10T14:16:41 EDT" duration-ms="6" status="PASS">
          <reporter-output>
          </reporter-output>
        </test-method> <!-- setup_Before_Suite -->
        <test-method is-config="true" signature="setup_Before_Test()[pri:0, instance:selenium.TestNG@564fabc8]" started-at="2022-09-10T14:16:41 EDT" name="setup_Before_Test" finished-at="2022-09-10T14:16:41 EDT" duration-ms="0" status="PASS">
          <reporter-output>
          </reporter-output>
        </test-method> <!-- setup_Before_Test -->
        <test-method is-config="true" signature="setup_Before_Class()[pri:0, instance:selenium.TestNG@564fabc8]" started-at="2022-09-10T14:16:41 EDT" name="setup_Before_Class" finished-at="2022-09-10T14:16:41 EDT" duration-ms="1" status="PASS">
          <reporter-output>
          </reporter-output>
        </test-method> <!-- setup_Before_Class -->
        <test-method is-config="true" signature="setup_Before_Method()[pri:0, instance:selenium.TestNG@564fabc8]" started-at="2022-09-10T14:16:41 EDT" name="setup_Before_Method" finished-at="2022-09-10T14:16:41 EDT" duration-ms="1" status="PASS">
          <reporter-output>
          </reporter-output>
        </test-method> <!-- setup_Before_Method -->
        <test-method signature="dropDownTest()[pri:0, instance:selenium.TestNG@564fabc8]" started-at="2022-09-10T14:16:41 EDT" name="dropDownTest" finished-at="2022-09-10T14:16:41 EDT" duration-ms="5" status="PASS">
          <reporter-output>
          </reporter-output>
        </test-method> <!-- dropDownTest -->
        <test-method is-config="true" signature="setup_After_Method()[pri:0, instance:selenium.TestNG@564fabc8]" started-at="2022-09-10T14:16:41 EDT" name="setup_After_Method" finished-at="2022-09-10T14:16:41 EDT" duration-ms="1" status="PASS">
          <reporter-output>
          </reporter-output>
        </test-method> <!-- setup_After_Method -->
        <test-method is-config="true" signature="setup_Before_Method()[pri:0, instance:selenium.TestNG@564fabc8]" started-at="2022-09-10T14:16:41 EDT" name="setup_Before_Method" finished-at="2022-09-10T14:16:41 EDT" duration-ms="1" status="PASS">
          <reporter-output>
          </reporter-output>
        </test-method> <!-- setup_Before_Method -->
        <test-method signature="dropDownTestFour()[pri:0, instance:selenium.TestNG@564fabc8]" started-at="2022-09-10T14:16:41 EDT" name="dropDownTestFour" finished-at="2022-09-10T14:16:41 EDT" duration-ms="2" status="PASS">
          <reporter-output>
          </reporter-output>
        </test-method> <!-- dropDownTestFour -->
        <test-method is-config="true" signature="setup_After_Method()[pri:0, instance:selenium.TestNG@564fabc8]" started-at="2022-09-10T14:16:41 EDT" name="setup_After_Method" finished-at="2022-09-10T14:16:41 EDT" duration-ms="1" status="PASS">
          <reporter-output>
          </reporter-output>
        </test-method> <!-- setup_After_Method -->
        <test-method signature="dropDownTestThree()[pri:0, instance:selenium.TestNG@564fabc8]" started-at="2022-09-10T14:16:41 EDT" name="dropDownTestThree" finished-at="2022-09-10T14:16:41 EDT" depends-on-methods="selenium.TestNG.dropDownTestFour" duration-ms="2" status="FAIL">
          <exception class="java.lang.AssertionError">
            <message>
              <![CDATA[expected [true] but found [false]]]>
            </message>
            <full-stacktrace>
              <![CDATA[java.lang.AssertionError: expected [true] but found [false]
at org.testng.Assert.fail(Assert.java:99)
at org.testng.Assert.failNotEquals(Assert.java:1037)
at org.testng.Assert.assertTrue(Assert.java:45)
at org.testng.Assert.assertTrue(Assert.java:55)
at selenium.TestNG.dropDownTestThree(TestNG.java:50)
at java.base/jdk.internal.reflect.DirectMethodHandleAccessor.invoke(DirectMethodHandleAccessor.java:104)
at java.base/java.lang.reflect.Method.invoke(Method.java:577)
at org.testng.internal.MethodInvocationHelper.invokeMethod(MethodInvocationHelper.java:133)
at org.testng.internal.TestInvoker.invokeMethod(TestInvoker.java:598)
at org.testng.internal.TestInvoker.invokeTestMethod(TestInvoker.java:173)
at org.testng.internal.MethodRunner.runInSequence(MethodRunner.java:46)
at org.testng.internal.TestInvoker$MethodInvocationAgent.invoke(TestInvoker.java:824)
at org.testng.internal.TestInvoker.invokeTestMethods(TestInvoker.java:146)
at org.testng.internal.TestMethodWorker.invokeTestMethods(TestMethodWorker.java:146)
at org.testng.internal.TestMethodWorker.run(TestMethodWorker.java:128)
at java.base/java.util.ArrayList.forEach(ArrayList.java:1511)
at org.testng.TestRunner.privateRun(TestRunner.java:794)
at org.testng.TestRunner.run(TestRunner.java:596)
at org.testng.SuiteRunner.runTest(SuiteRunner.java:377)
at org.testng.SuiteRunner.runSequentially(SuiteRunner.java:371)
at org.testng.SuiteRunner.privateRun(SuiteRunner.java:332)
at org.testng.SuiteRunner.run(SuiteRunner.java:276)
at org.testng.SuiteRunnerWorker.runSuite(SuiteRunnerWorker.java:53)
at org.testng.SuiteRunnerWorker.run(SuiteRunnerWorker.java:96)
at org.testng.TestNG.runSuitesSequentially(TestNG.java:1212)
at org.testng.TestNG.runSuitesLocally(TestNG.java:1134)
at org.testng.TestNG.runSuites(TestNG.java:1063)
at org.testng.TestNG.run(TestNG.java:1031)
at org.testng.remote.AbstractRemoteTestNG.run(AbstractRemoteTestNG.java:115)
at org.testng.remote.RemoteTestNG.initAndRun(RemoteTestNG.java:251)
at org.testng.remote.RemoteTestNG.main(RemoteTestNG.java:77)
]]>
            </full-stacktrace>
          </exception> <!-- java.lang.AssertionError -->
          <reporter-output>
          </reporter-output>
        </test-method> <!-- dropDownTestThree -->
        <test-method is-config="true" signature="setup_Before_Method()[pri:0, instance:selenium.TestNG@564fabc8]" started-at="2022-09-10T14:16:41 EDT" name="setup_Before_Method" finished-at="2022-09-10T14:16:41 EDT" duration-ms="0" status="PASS">
          <reporter-output>
          </reporter-output>
        </test-method> <!-- setup_Before_Method -->
        <test-method is-config="true" signature="setup_After_Method()[pri:0, instance:selenium.TestNG@564fabc8]" started-at="2022-09-10T14:16:41 EDT" name="setup_After_Method" finished-at="2022-09-10T14:16:41 EDT" duration-ms="1" status="PASS">
          <reporter-output>
          </reporter-output>
        </test-method> <!-- setup_After_Method -->
        <test-method is-config="true" signature="setup_Before_Method()[pri:0, instance:selenium.TestNG@564fabc8]" started-at="2022-09-10T14:16:41 EDT" name="setup_Before_Method" finished-at="2022-09-10T14:16:41 EDT" duration-ms="0" status="PASS">
          <reporter-output>
          </reporter-output>
        </test-method> <!-- setup_Before_Method -->
        <test-method signature="dropDownTesttwo()[pri:1, instance:selenium.TestNG@564fabc8]" started-at="2022-09-10T14:16:41 EDT" name="dropDownTesttwo" finished-at="2022-09-10T14:16:41 EDT" duration-ms="1" status="PASS">
          <reporter-output>
          </reporter-output>
        </test-method> <!-- dropDownTesttwo -->
        <test-method is-config="true" signature="setup_After_Class()[pri:0, instance:selenium.TestNG@564fabc8]" started-at="2022-09-10T14:16:41 EDT" name="setup_After_Class" finished-at="2022-09-10T14:16:41 EDT" duration-ms="1" status="PASS">
          <reporter-output>
          </reporter-output>
        </test-method> <!-- setup_After_Class -->
        <test-method is-config="true" signature="setup_After_Method()[pri:0, instance:selenium.TestNG@564fabc8]" started-at="2022-09-10T14:16:41 EDT" name="setup_After_Method" finished-at="2022-09-10T14:16:41 EDT" duration-ms="0" status="PASS">
          <reporter-output>
          </reporter-output>
        </test-method> <!-- setup_After_Method -->
        <test-method is-config="true" signature="setup_After_Test()[pri:0, instance:selenium.TestNG@564fabc8]" started-at="2022-09-10T14:16:41 EDT" name="setup_After_Test" finished-at="2022-09-10T14:16:41 EDT" duration-ms="0" status="PASS">
          <reporter-output>
          </reporter-output>
        </test-method> <!-- setup_After_Test -->
        <test-method is-config="true" signature="setup_After_Suite()[pri:0, instance:selenium.TestNG@564fabc8]" started-at="2022-09-10T14:16:41 EDT" name="setup_After_Suite" finished-at="2022-09-10T14:16:41 EDT" duration-ms="0" status="PASS">
          <reporter-output>
          </reporter-output>
        </test-method> <!-- setup_After_Suite -->
      </class> <!-- selenium.TestNG -->
    </test> <!-- Default test -->
  </suite> <!-- Default suite -->
</testng-results>
